[2018-06-15 20:49:33.838] [INFO] log_date - Fri, 15 Jun 2018 12:49:33 GMTPOST /getCoupons
[2018-06-15 20:50:23.739] [INFO] log_date - Fri, 15 Jun 2018 12:50:23 GMTPOST /getCoupons
[2018-06-15 20:51:37.465] [INFO] log_date - Fri, 15 Jun 2018 12:51:37 GMTPOST /login
[2018-06-15 20:52:57.614] [INFO] log_date - Fri, 15 Jun 2018 12:52:57 GMTPOST /getCoupons
[2018-06-15 20:53:08.878] [INFO] log_date - Fri, 15 Jun 2018 12:53:08 GMTPOST /getCoupons
[2018-06-15 20:53:15.489] [INFO] log_date - Fri, 15 Jun 2018 12:53:15 GMTPOST /getCoupons
[2018-06-15 20:53:23.739] [INFO] log_date - Fri, 15 Jun 2018 12:53:23 GMTPOST /getCoupons
[2018-06-15 20:54:24.674] [INFO] log_date - Fri, 15 Jun 2018 12:54:24 GMTPOST /getCoupons
[2018-06-15 20:55:47.813] [INFO] log_date - Fri, 15 Jun 2018 12:55:47 GMTPOST /getCoupons
[2018-06-15 20:58:37.178] [INFO] log_date - Fri, 15 Jun 2018 12:58:37 GMTPOST /getCoupons
[2018-06-15 20:58:51.576] [INFO] log_date - Fri, 15 Jun 2018 12:58:51 GMTPOST /getCoupons
[2018-06-15 21:01:08.061] [INFO] log_date - Fri, 15 Jun 2018 13:01:08 GMTPOST /getCoupons
[2018-06-15 21:01:09.262] [INFO] log_date - Fri, 15 Jun 2018 13:01:09 GMTPOST /getCoupons
[2018-06-15 21:01:10.101] [INFO] log_date - Fri, 15 Jun 2018 13:01:10 GMTPOST /getCoupons
[2018-06-15 21:01:31.440] [INFO] log_date - Fri, 15 Jun 2018 13:01:31 GMTPOST /getCoupons
[2018-06-15 21:51:35.891] [INFO] log_date - Error: listen EADDRINUSE :::8081
    at Object.exports._errnoException (util.js:873:11)
    at exports._exceptionWithHostPort (util.js:896:20)
    at Server._listen2 (net.js:1250:14)
    at listen (net.js:1286:10)
    at Server.listen (net.js:1382:5)
    at EventEmitter.listen (/Users/xiaofeiniao/Desktop/sup_node_project/node_modules/express/lib/application.js:618:24)
    at Object.<anonymous> (/Users/xiaofeiniao/Desktop/sup_node_project/app.js:179:5)
    at Module._compile (module.js:409:26)
    at Object.Module._extensions..js (module.js:416:10)
    at Module.load (module.js:343:32)
[2018-06-15 21:58:16.273] [INFO] log_date - Error: listen EADDRINUSE :::8081
    at Object.exports._errnoException (util.js:873:11)
    at exports._exceptionWithHostPort (util.js:896:20)
    at Server._listen2 (net.js:1250:14)
    at listen (net.js:1286:10)
    at Server.listen (net.js:1382:5)
    at EventEmitter.listen (/Users/xiaofeiniao/Desktop/sup_node_project/node_modules/express/lib/application.js:618:24)
    at Object.<anonymous> (/Users/xiaofeiniao/Desktop/sup_node_project/app.js:179:5)
    at Module._compile (module.js:409:26)
    at Object.Module._extensions..js (module.js:416:10)
    at Module.load (module.js:343:32)
[2018-06-15 21:58:32.051] [INFO] log_date - Error: listen EADDRINUSE :::8081
    at Object.exports._errnoException (util.js:873:11)
    at exports._exceptionWithHostPort (util.js:896:20)
    at Server._listen2 (net.js:1250:14)
    at listen (net.js:1286:10)
    at Server.listen (net.js:1382:5)
    at EventEmitter.listen (/Users/xiaofeiniao/Desktop/sup_node_project/node_modules/express/lib/application.js:618:24)
    at Object.<anonymous> (/Users/xiaofeiniao/Desktop/sup_node_project/app.js:179:5)
    at Module._compile (module.js:409:26)
    at Object.Module._extensions..js (module.js:416:10)
    at Module.load (module.js:343:32)
[2018-06-15 21:58:50.544] [INFO] log_date - Error: listen EADDRINUSE :::8081
    at Object.exports._errnoException (util.js:873:11)
    at exports._exceptionWithHostPort (util.js:896:20)
    at Server._listen2 (net.js:1250:14)
    at listen (net.js:1286:10)
    at Server.listen (net.js:1382:5)
    at EventEmitter.listen (/Users/xiaofeiniao/Desktop/sup_node_project/node_modules/express/lib/application.js:618:24)
    at Object.<anonymous> (/Users/xiaofeiniao/Desktop/sup_node_project/app.js:179:5)
    at Module._compile (module.js:409:26)
    at Object.Module._extensions..js (module.js:416:10)
    at Module.load (module.js:343:32)
[2018-06-15 22:08:34.333] [INFO] log_date - Fri, 15 Jun 2018 14:08:34 GMTPOST /getBonusList
[2018-06-15 22:16:13.805] [INFO] log_date - Fri, 15 Jun 2018 14:16:13 GMTPOST /getBonusList
[2018-06-15 22:36:20.697] [INFO] log_date - Fri, 15 Jun 2018 14:36:20 GMTPOST /getBonusList
[2018-06-15 23:32:13.012] [INFO] log_date - Fri, 15 Jun 2018 15:32:13 GMTPOST /getBonusList
[2018-06-15 23:57:35.943] [INFO] log_date - Error: listen EADDRINUSE :::8081
    at Object.exports._errnoException (util.js:873:11)
    at exports._exceptionWithHostPort (util.js:896:20)
    at Server._listen2 (net.js:1250:14)
    at listen (net.js:1286:10)
    at Server.listen (net.js:1382:5)
    at EventEmitter.listen (/Users/xiaofeiniao/Desktop/sup_node_project/node_modules/express/lib/application.js:618:24)
    at Object.<anonymous> (/Users/xiaofeiniao/Desktop/sup_node_project/app.js:178:5)
    at Module._compile (module.js:409:26)
    at Object.Module._extensions..js (module.js:416:10)
    at Module.load (module.js:343:32)
[2018-06-15 23:58:04.479] [INFO] log_date - Fri, 15 Jun 2018 15:58:04 GMTPOST /getBonusList
