[2018-06-09 16:37:31.405] [INFO] log_date - ::ffff:127.0.0.1 - - "POST /getCoupons HTTP/1.1" 200 39 "" "PostmanRuntime/7.1.1"
[2018-06-09 16:37:32.149] [INFO] log_date - ::ffff:127.0.0.1 - - "POST /getCoupons HTTP/1.1" 200 39 "" "PostmanRuntime/7.1.1"
[2018-06-09 16:37:33.233] [INFO] log_date - ::ffff:127.0.0.1 - - "POST /getCoupons HTTP/1.1" 200 39 "" "PostmanRuntime/7.1.1"
[2018-06-09 16:37:34.252] [INFO] log_date - ::ffff:127.0.0.1 - - "POST /getCoupons HTTP/1.1" 200 39 "" "PostmanRuntime/7.1.1"
[2018-06-09 16:37:35.276] [INFO] log_date - ::ffff:127.0.0.1 - - "POST /getCoupons HTTP/1.1" 200 39 "" "PostmanRuntime/7.1.1"
[2018-06-09 16:37:36.198] [INFO] log_date - ::ffff:127.0.0.1 - - "POST /getCoupons HTTP/1.1" 200 39 "" "PostmanRuntime/7.1.1"
[2018-06-09 16:37:37.327] [INFO] log_date - ::ffff:127.0.0.1 - - "POST /getCoupons HTTP/1.1" 200 39 "" "PostmanRuntime/7.1.1"
[2018-06-09 16:37:38.054] [INFO] log_date - ::ffff:127.0.0.1 - - "POST /getCoupons HTTP/1.1" 200 39 "" "PostmanRuntime/7.1.1"
[2018-06-09 16:37:38.554] [INFO] log_date - ::ffff:127.0.0.1 - - "POST /getCoupons HTTP/1.1" 200 39 "" "PostmanRuntime/7.1.1"
[2018-06-09 16:37:39.118] [INFO] log_date - ::ffff:127.0.0.1 - - "POST /getCoupons HTTP/1.1" 200 39 "" "PostmanRuntime/7.1.1"
[2018-06-09 16:38:55.785] [INFO] log_date - ::ffff:127.0.0.1 - - "POST /getCoupons HTTP/1.1" 200 39 "" "PostmanRuntime/7.1.1"
[2018-06-09 16:38:58.120] [INFO] log_date - ::ffff:127.0.0.1 - - "POST /getCoupons HTTP/1.1" 200 39 "" "PostmanRuntime/7.1.1"
[2018-06-09 16:38:59.248] [INFO] log_date - ::ffff:127.0.0.1 - - "POST /getCoupons HTTP/1.1" 200 39 "" "PostmanRuntime/7.1.1"
[2018-06-09 16:39:00.227] [INFO] log_date - ::ffff:127.0.0.1 - - "POST /getCoupons HTTP/1.1" 200 39 "" "PostmanRuntime/7.1.1"
[2018-06-09 16:39:01.042] [INFO] log_date - ::ffff:127.0.0.1 - - "POST /getCoupons HTTP/1.1" 200 39 "" "PostmanRuntime/7.1.1"
[2018-06-09 16:39:02.011] [INFO] log_date - ::ffff:127.0.0.1 - - "POST /getCoupons HTTP/1.1" 200 39 "" "PostmanRuntime/7.1.1"
[2018-06-09 16:41:09.373] [INFO] log_date - ::ffff:127.0.0.1 - - "POST /getCoupons HTTP/1.1" 200 39 "" "PostmanRuntime/7.1.1"
[2018-06-09 16:41:09.973] [INFO] log_date - ::ffff:127.0.0.1 - - "POST /getCoupons HTTP/1.1" 200 39 "" "PostmanRuntime/7.1.1"
[2018-06-09 16:41:10.547] [INFO] log_date - ::ffff:127.0.0.1 - - "POST /getCoupons HTTP/1.1" 200 39 "" "PostmanRuntime/7.1.1"
[2018-06-09 16:41:11.083] [INFO] log_date - ::ffff:127.0.0.1 - - "POST /getCoupons HTTP/1.1" 200 39 "" "PostmanRuntime/7.1.1"
[2018-06-09 16:43:48.552] [INFO] log_date - ::ffff:127.0.0.1 - - "POST /getCoupons HTTP/1.1" 200 39 "" "PostmanRuntime/7.1.1"
[2018-06-09 16:43:49.657] [INFO] log_date - ::ffff:127.0.0.1 - - "POST /getCoupons HTTP/1.1" 200 39 "" "PostmanRuntime/7.1.1"
[2018-06-09 16:43:50.215] [INFO] log_date - ::ffff:127.0.0.1 - - "POST /getCoupons HTTP/1.1" 200 39 "" "PostmanRuntime/7.1.1"
[2018-06-09 16:43:50.780] [INFO] log_date - ::ffff:127.0.0.1 - - "POST /getCoupons HTTP/1.1" 200 39 "" "PostmanRuntime/7.1.1"
[2018-06-09 16:43:51.358] [INFO] log_date - ::ffff:127.0.0.1 - - "POST /getCoupons HTTP/1.1" 200 39 "" "PostmanRuntime/7.1.1"
[2018-06-09 16:43:51.911] [INFO] log_date - ::ffff:127.0.0.1 - - "POST /getCoupons HTTP/1.1" 200 39 "" "PostmanRuntime/7.1.1"
[2018-06-09 16:43:52.585] [INFO] log_date - ::ffff:127.0.0.1 - - "POST /getCoupons HTTP/1.1" 200 39 "" "PostmanRuntime/7.1.1"
[2018-06-09 16:43:53.184] [INFO] log_date - ::ffff:127.0.0.1 - - "POST /getCoupons HTTP/1.1" 200 39 "" "PostmanRuntime/7.1.1"
[2018-06-09 16:43:53.729] [INFO] log_date - ::ffff:127.0.0.1 - - "POST /getCoupons HTTP/1.1" 200 39 "" "PostmanRuntime/7.1.1"
[2018-06-09 16:50:55.588] [INFO] log_date - ::ffff:127.0.0.1 - - "POST /getCoupons HTTP/1.1" 200 39 "" "PostmanRuntime/7.1.1"
[2018-06-09 16:51:21.157] [INFO] log_date - ::ffff:127.0.0.1 - - "POST /getCoupons HTTP/1.1" 200 39 "" "PostmanRuntime/7.1.1"
[2018-06-09 16:51:21.721] [INFO] log_date - ::ffff:127.0.0.1 - - "POST /getCoupons HTTP/1.1" 200 39 "" "PostmanRuntime/7.1.1"
[2018-06-09 16:51:22.456] [INFO] log_date - ::ffff:127.0.0.1 - - "POST /getCoupons HTTP/1.1" 200 39 "" "PostmanRuntime/7.1.1"
[2018-06-09 16:51:23.085] [INFO] log_date - ::ffff:127.0.0.1 - - "POST /getCoupons HTTP/1.1" 200 39 "" "PostmanRuntime/7.1.1"
[2018-06-09 16:51:23.757] [INFO] log_date - ::ffff:127.0.0.1 - - "POST /getCoupons HTTP/1.1" 200 39 "" "PostmanRuntime/7.1.1"
[2018-06-09 16:51:24.399] [INFO] log_date - ::ffff:127.0.0.1 - - "POST /getCoupons HTTP/1.1" 200 39 "" "PostmanRuntime/7.1.1"
[2018-06-09 16:51:24.962] [INFO] log_date - ::ffff:127.0.0.1 - - "POST /getCoupons HTTP/1.1" 200 39 "" "PostmanRuntime/7.1.1"
[2018-06-09 16:51:25.573] [INFO] log_date - ::ffff:127.0.0.1 - - "POST /getCoupons HTTP/1.1" 200 39 "" "PostmanRuntime/7.1.1"
[2018-06-09 16:51:26.129] [INFO] log_date - ::ffff:127.0.0.1 - - "POST /getCoupons HTTP/1.1" 200 39 "" "PostmanRuntime/7.1.1"
[2018-06-09 16:52:05.545] [INFO] log_date - ::ffff:127.0.0.1 - - "POST /getCoupons HTTP/1.1" 200 39 "" "PostmanRuntime/7.1.1"
[2018-06-09 16:52:07.131] [INFO] log_date - ::ffff:127.0.0.1 - - "POST /getCoupons HTTP/1.1" 200 39 "" "PostmanRuntime/7.1.1"
[2018-06-09 16:53:07.447] [INFO] log_date - ::ffff:127.0.0.1 - - "POST /getCoupons HTTP/1.1" 200 39 "" "PostmanRuntime/7.1.1"
[2018-06-09 16:53:08.674] [INFO] log_date - ::ffff:127.0.0.1 - - "POST /getCoupons HTTP/1.1" 200 39 "" "PostmanRuntime/7.1.1"
[2018-06-09 16:53:45.027] [ALL] log_date - ::ffff:127.0.0.1 - - "POST /getCoupons HTTP/1.1" 200 39 "" "PostmanRuntime/7.1.1"
[2018-06-09 16:53:46.301] [ALL] log_date - ::ffff:127.0.0.1 - - "POST /getCoupons HTTP/1.1" 200 39 "" "PostmanRuntime/7.1.1"
[2018-06-09 16:53:47.470] [ALL] log_date - ::ffff:127.0.0.1 - - "POST /getCoupons HTTP/1.1" 200 39 "" "PostmanRuntime/7.1.1"
[2018-06-09 17:00:44.391] [INFO] log_date - You can find logs-files in the log-dir
[2018-06-09 17:02:04.048] [INFO] log_date - ::ffff:127.0.0.1 - - "POST /getCoupons HTTP/1.1" 200 39 "" "PostmanRuntime/7.1.1"
[2018-06-09 17:02:18.630] [INFO] log_date - ::ffff:127.0.0.1 - - "POST /getCoupons HTTP/1.1" 200 39 "" "PostmanRuntime/7.1.1"
[2018-06-09 17:02:19.783] [INFO] log_date - ::ffff:127.0.0.1 - - "POST /getCoupons HTTP/1.1" 200 39 "" "PostmanRuntime/7.1.1"
[2018-06-09 17:02:20.937] [INFO] log_date - ::ffff:127.0.0.1 - - "POST /getCoupons HTTP/1.1" 200 39 "" "PostmanRuntime/7.1.1"
[2018-06-09 17:02:22.038] [INFO] log_date - ::ffff:127.0.0.1 - - "POST /getCoupons HTTP/1.1" 200 39 "" "PostmanRuntime/7.1.1"
[2018-06-09 17:09:33.773] [INFO] log_date - POST /getCoupons
[2018-06-09 17:29:21.231] [ERROR] log_date - Sat, 09 Jun 2018 09:29:21 GMTPOST /getCoupons
[2018-06-09 17:29:22.739] [ERROR] log_date - Sat, 09 Jun 2018 09:29:22 GMTPOST /getCoupons
[2018-06-09 17:29:24.059] [ERROR] log_date - Sat, 09 Jun 2018 09:29:24 GMTPOST /getCoupons
[2018-06-09 17:31:05.250] [ERROR] log_date - Sat, 09 Jun 2018 09:31:05 GMTPOST /getCoupons200
[2018-06-09 17:31:06.565] [ERROR] log_date - Sat, 09 Jun 2018 09:31:06 GMTPOST /getCoupons200
[2018-06-09 17:31:07.484] [ERROR] log_date - Sat, 09 Jun 2018 09:31:07 GMTPOST /getCoupons200
[2018-06-09 17:31:08.508] [ERROR] log_date - Sat, 09 Jun 2018 09:31:08 GMTPOST /getCoupons200
[2018-06-09 17:31:09.430] [ERROR] log_date - Sat, 09 Jun 2018 09:31:09 GMTPOST /getCoupons200
[2018-06-09 17:31:10.556] [ERROR] log_date - Sat, 09 Jun 2018 09:31:10 GMTPOST /getCoupons200
[2018-06-09 17:37:24.027] [ERROR] log_date - Sat, 09 Jun 2018 09:37:24 GMTPOST /getCoupons200
[2018-06-09 17:37:27.118] [ERROR] log_date - Sat, 09 Jun 2018 09:37:27 GMTPOST /getCoupons200
[2018-06-09 17:37:28.213] [ERROR] log_date - Sat, 09 Jun 2018 09:37:28 GMTPOST /getCoupons200
[2018-06-09 17:37:29.233] [ERROR] log_date - Sat, 09 Jun 2018 09:37:29 GMTPOST /getCoupons200
[2018-06-09 17:37:30.363] [ERROR] log_date - Sat, 09 Jun 2018 09:37:30 GMTPOST /getCoupons200
[2018-06-09 17:37:31.293] [ERROR] log_date - Sat, 09 Jun 2018 09:37:31 GMTPOST /getCoupons200
[2018-06-09 17:37:32.317] [ERROR] log_date - Sat, 09 Jun 2018 09:37:32 GMTPOST /getCoupons200
[2018-06-09 17:37:33.434] [ERROR] log_date - Sat, 09 Jun 2018 09:37:33 GMTPOST /getCoupons200
[2018-06-09 17:37:37.265] [ERROR] log_date - Sat, 09 Jun 2018 09:37:37 GMTPOST /getCoupons200
[2018-06-09 17:37:38.247] [ERROR] log_date - Sat, 09 Jun 2018 09:37:38 GMTPOST /getCoupons200
[2018-06-09 17:39:01.514] [ERROR] log_date - Sat, 09 Jun 2018 09:39:01 GMTPOST /getCoupons200
[2018-06-09 17:39:02.263] [ERROR] log_date - Sat, 09 Jun 2018 09:39:02 GMTPOST /getCoupons200
[2018-06-09 17:39:03.452] [ERROR] log_date - Sat, 09 Jun 2018 09:39:03 GMTPOST /getCoupons200
[2018-06-09 17:39:03.989] [ERROR] log_date - Sat, 09 Jun 2018 09:39:03 GMTPOST /getCoupons200
[2018-06-09 17:47:53.173] [ERROR] log_date - Sat, 09 Jun 2018 09:47:53 GMTPOST /getCoupons200
[2018-06-09 17:47:54.395] [ERROR] log_date - Sat, 09 Jun 2018 09:47:54 GMTPOST /getCoupons200
[2018-06-09 18:02:17.858] [ERROR] log_date - Sat, 09 Jun 2018 10:02:17 GMTPOST /getCoupons200
[2018-06-09 18:02:18.585] [ERROR] log_date - Sat, 09 Jun 2018 10:02:18 GMTPOST /getCoupons200
[2018-06-09 18:02:19.275] [ERROR] log_date - Sat, 09 Jun 2018 10:02:19 GMTPOST /getCoupons200
[2018-06-09 18:02:19.869] [ERROR] log_date - Sat, 09 Jun 2018 10:02:19 GMTPOST /getCoupons200
[2018-06-09 18:02:20.449] [ERROR] log_date - Sat, 09 Jun 2018 10:02:20 GMTPOST /getCoupons200
[2018-06-09 18:02:21.251] [ERROR] log_date - Sat, 09 Jun 2018 10:02:21 GMTPOST /getCoupons200
[2018-06-09 18:02:21.904] [ERROR] log_date - Sat, 09 Jun 2018 10:02:21 GMTPOST /getCoupons200
[2018-06-09 18:02:22.495] [ERROR] log_date - Sat, 09 Jun 2018 10:02:22 GMTPOST /getCoupons200
[2018-06-09 18:02:22.981] [ERROR] log_date - Sat, 09 Jun 2018 10:02:22 GMTPOST /getCoupons200
[2018-06-09 18:02:24.067] [ERROR] log_date - Sat, 09 Jun 2018 10:02:24 GMTPOST /getCoupons200
[2018-06-09 21:32:28.448] [INFO] log_date - Sat, 09 Jun 2018 13:32:28 GMTPOST /getCoupons200
[2018-06-09 21:32:30.263] [INFO] log_date - Sat, 09 Jun 2018 13:32:30 GMTPOST /getCoupons200
[2018-06-09 21:32:30.870] [INFO] log_date - Sat, 09 Jun 2018 13:32:30 GMTPOST /getCoupons200
[2018-06-09 21:32:31.490] [INFO] log_date - Sat, 09 Jun 2018 13:32:31 GMTPOST /getCoupons200
[2018-06-09 21:32:32.517] [INFO] log_date - Sat, 09 Jun 2018 13:32:32 GMTPOST /getCoupons200
[2018-06-09 21:32:33.565] [INFO] log_date - Sat, 09 Jun 2018 13:32:33 GMTPOST /getCoupons200
[2018-06-09 21:32:34.555] [INFO] log_date - Sat, 09 Jun 2018 13:32:34 GMTPOST /getCoupons200
[2018-06-09 21:32:37.120] [INFO] log_date - Sat, 09 Jun 2018 13:32:37 GMTPOST /getCoupons200
[2018-06-09 21:32:37.936] [INFO] log_date - Sat, 09 Jun 2018 13:32:37 GMTPOST /getCoupons200
[2018-06-09 21:32:38.652] [INFO] log_date - Sat, 09 Jun 2018 13:32:38 GMTPOST /getCoupons200
[2018-06-09 21:32:39.273] [INFO] log_date - Sat, 09 Jun 2018 13:32:39 GMTPOST /getCoupons200
[2018-06-09 21:32:39.887] [INFO] log_date - Sat, 09 Jun 2018 13:32:39 GMTPOST /getCoupons200
[2018-06-09 21:32:40.495] [INFO] log_date - Sat, 09 Jun 2018 13:32:40 GMTPOST /getCoupons200
[2018-06-09 21:32:41.122] [INFO] log_date - Sat, 09 Jun 2018 13:32:41 GMTPOST /getCoupons200
[2018-06-09 21:32:41.730] [INFO] log_date - Sat, 09 Jun 2018 13:32:41 GMTPOST /getCoupons200
[2018-06-09 21:32:42.345] [INFO] log_date - Sat, 09 Jun 2018 13:32:42 GMTPOST /getCoupons200
[2018-06-09 21:32:42.957] [INFO] log_date - Sat, 09 Jun 2018 13:32:42 GMTPOST /getCoupons200
[2018-06-09 21:32:43.465] [INFO] log_date - Sat, 09 Jun 2018 13:32:43 GMTPOST /getCoupons200
[2018-06-09 21:32:43.989] [INFO] log_date - Sat, 09 Jun 2018 13:32:43 GMTPOST /getCoupons200
[2018-06-09 21:32:44.502] [INFO] log_date - Sat, 09 Jun 2018 13:32:44 GMTPOST /getCoupons200
[2018-06-09 22:00:15.390] [INFO] log_date - Sat, 09 Jun 2018 14:00:15 GMTPOST /getCoupons
[2018-06-09 22:00:17.766] [INFO] log_date - Sat, 09 Jun 2018 14:00:17 GMTPOST /getCoupons
[2018-06-09 22:00:19.848] [INFO] log_date - Sat, 09 Jun 2018 14:00:19 GMTPOST /getCoupons
[2018-06-09 22:00:21.403] [INFO] log_date - Sat, 09 Jun 2018 14:00:21 GMTPOST /getCoupons
[2018-06-09 22:00:23.256] [INFO] log_date - Sat, 09 Jun 2018 14:00:23 GMTPOST /getCoupons
[2018-06-09 22:00:25.827] [INFO] log_date - Sat, 09 Jun 2018 14:00:25 GMTPOST /getCoupons
[2018-06-09 22:00:27.164] [INFO] log_date - Sat, 09 Jun 2018 14:00:27 GMTPOST /getCoupons
[2018-06-09 22:00:28.762] [INFO] log_date - Sat, 09 Jun 2018 14:00:28 GMTPOST /getCoupons
[2018-06-09 22:00:29.953] [INFO] log_date - Sat, 09 Jun 2018 14:00:29 GMTPOST /getCoupons
[2018-06-09 22:00:31.190] [INFO] log_date - Sat, 09 Jun 2018 14:00:31 GMTPOST /getCoupons
[2018-06-09 22:00:32.271] [INFO] log_date - Sat, 09 Jun 2018 14:00:32 GMTPOST /getCoupons
[2018-06-09 22:00:33.553] [INFO] log_date - Sat, 09 Jun 2018 14:00:33 GMTPOST /getCoupons
[2018-06-09 22:00:34.670] [INFO] log_date - Sat, 09 Jun 2018 14:00:34 GMTPOST /getCoupons
[2018-06-09 22:00:35.696] [INFO] log_date - Sat, 09 Jun 2018 14:00:35 GMTPOST /getCoupons
[2018-06-09 22:00:36.784] [INFO] log_date - Sat, 09 Jun 2018 14:00:36 GMTPOST /getCoupons
[2018-06-09 22:00:37.843] [INFO] log_date - Sat, 09 Jun 2018 14:00:37 GMTPOST /getCoupons
[2018-06-09 22:00:38.763] [INFO] log_date - Sat, 09 Jun 2018 14:00:38 GMTPOST /getCoupons
[2018-06-09 22:00:39.824] [INFO] log_date - Sat, 09 Jun 2018 14:00:39 GMTPOST /getCoupons
[2018-06-09 22:00:40.720] [INFO] log_date - Sat, 09 Jun 2018 14:00:40 GMTPOST /getCoupons
[2018-06-09 22:00:41.733] [INFO] log_date - Sat, 09 Jun 2018 14:00:41 GMTPOST /getCoupons
[2018-06-09 22:38:57.460] [INFO] log_date - Sat, 09 Jun 2018 14:38:57 GMTPOST /getCoupons
[2018-06-09 22:38:58.565] [INFO] log_date - Sat, 09 Jun 2018 14:38:58 GMTPOST /getCoupons
[2018-06-09 22:38:59.199] [INFO] log_date - Sat, 09 Jun 2018 14:38:59 GMTPOST /getCoupons
[2018-06-09 22:38:59.746] [INFO] log_date - Sat, 09 Jun 2018 14:38:59 GMTPOST /getCoupons
[2018-06-09 22:39:00.921] [INFO] log_date - Sat, 09 Jun 2018 14:39:00 GMTPOST /getCoupons
[2018-06-09 22:39:01.485] [INFO] log_date - Sat, 09 Jun 2018 14:39:01 GMTPOST /getCoupons
[2018-06-09 22:39:02.106] [INFO] log_date - Sat, 09 Jun 2018 14:39:02 GMTPOST /getCoupons
[2018-06-09 22:39:03.076] [INFO] log_date - Sat, 09 Jun 2018 14:39:03 GMTPOST /getCoupons
[2018-06-09 23:00:31.491] [INFO] log_date - Sat, 09 Jun 2018 15:00:31 GMTPOST /getCoupons
[2018-06-09 23:01:02.997] [INFO] log_date - Sat, 09 Jun 2018 15:01:02 GMTPOST /supDetail
[2018-06-09 23:03:45.854] [INFO] log_date - Sat, 09 Jun 2018 15:03:45 GMTPOST /supDetail
[2018-06-09 23:05:52.931] [INFO] log_date - Sat, 09 Jun 2018 15:05:52 GMTPOST /supDetail
[2018-06-09 23:05:54.224] [INFO] log_date - Sat, 09 Jun 2018 15:05:54 GMTPOST /supDetail
[2018-06-09 23:05:55.386] [INFO] log_date - Sat, 09 Jun 2018 15:05:55 GMTPOST /supDetail
[2018-06-09 23:05:56.414] [INFO] log_date - Sat, 09 Jun 2018 15:05:56 GMTPOST /supDetail
[2018-06-09 23:05:58.041] [INFO] log_date - Sat, 09 Jun 2018 15:05:58 GMTPOST /supDetail
[2018-06-09 23:05:59.061] [INFO] log_date - Sat, 09 Jun 2018 15:05:59 GMTPOST /supDetail
[2018-06-09 23:06:00.012] [INFO] log_date - Sat, 09 Jun 2018 15:06:00 GMTPOST /supDetail
[2018-06-09 23:06:00.882] [INFO] log_date - Sat, 09 Jun 2018 15:06:00 GMTPOST /supDetail
[2018-06-09 23:06:01.850] [INFO] log_date - Sat, 09 Jun 2018 15:06:01 GMTPOST /supDetail
[2018-06-09 23:06:02.741] [INFO] log_date - Sat, 09 Jun 2018 15:06:02 GMTPOST /supDetail
[2018-06-09 23:06:03.670] [INFO] log_date - Sat, 09 Jun 2018 15:06:03 GMTPOST /supDetail
[2018-06-09 23:06:04.597] [INFO] log_date - Sat, 09 Jun 2018 15:06:04 GMTPOST /supDetail
[2018-06-09 23:06:05.622] [INFO] log_date - Sat, 09 Jun 2018 15:06:05 GMTPOST /supDetail
[2018-06-09 23:06:06.367] [INFO] log_date - Sat, 09 Jun 2018 15:06:06 GMTPOST /supDetail
[2018-06-09 23:06:07.367] [INFO] log_date - Sat, 09 Jun 2018 15:06:07 GMTPOST /supDetail
[2018-06-09 23:06:08.283] [INFO] log_date - Sat, 09 Jun 2018 15:06:08 GMTPOST /supDetail
[2018-06-09 23:06:09.091] [INFO] log_date - Sat, 09 Jun 2018 15:06:09 GMTPOST /supDetail
[2018-06-09 23:06:10.029] [INFO] log_date - Sat, 09 Jun 2018 15:06:10 GMTPOST /supDetail
[2018-06-09 23:06:10.961] [INFO] log_date - Sat, 09 Jun 2018 15:06:10 GMTPOST /supDetail
[2018-06-09 23:07:22.953] [INFO] log_date - Sat, 09 Jun 2018 15:07:22 GMTPOST /supDetail
[2018-06-09 23:07:24.379] [INFO] log_date - Sat, 09 Jun 2018 15:07:24 GMTPOST /supDetail
[2018-06-09 23:12:06.347] [INFO] log_date - Sat, 09 Jun 2018 15:12:06 GMTPOST /supDetail
[2018-06-09 23:12:06.961] [INFO] log_date - Sat, 09 Jun 2018 15:12:06 GMTPOST /supDetail
[2018-06-09 23:12:07.756] [INFO] log_date - Sat, 09 Jun 2018 15:12:07 GMTPOST /supDetail
[2018-06-09 23:12:08.735] [INFO] log_date - Sat, 09 Jun 2018 15:12:08 GMTPOST /supDetail
[2018-06-09 23:12:09.643] [INFO] log_date - Sat, 09 Jun 2018 15:12:09 GMTPOST /supDetail
[2018-06-09 23:12:10.570] [INFO] log_date - Sat, 09 Jun 2018 15:12:10 GMTPOST /supDetail
[2018-06-09 23:12:11.463] [INFO] log_date - Sat, 09 Jun 2018 15:12:11 GMTPOST /supDetail
[2018-06-09 23:12:12.453] [INFO] log_date - Sat, 09 Jun 2018 15:12:12 GMTPOST /supDetail
[2018-06-09 23:12:13.347] [INFO] log_date - Sat, 09 Jun 2018 15:12:13 GMTPOST /supDetail
[2018-06-09 23:12:14.370] [INFO] log_date - Sat, 09 Jun 2018 15:12:14 GMTPOST /supDetail
[2018-06-09 23:12:15.280] [INFO] log_date - Sat, 09 Jun 2018 15:12:15 GMTPOST /supDetail
[2018-06-09 23:12:16.206] [INFO] log_date - Sat, 09 Jun 2018 15:12:16 GMTPOST /supDetail
[2018-06-09 23:12:17.127] [INFO] log_date - Sat, 09 Jun 2018 15:12:17 GMTPOST /supDetail
[2018-06-09 23:12:18.052] [INFO] log_date - Sat, 09 Jun 2018 15:12:18 GMTPOST /supDetail
[2018-06-09 23:12:18.984] [INFO] log_date - Sat, 09 Jun 2018 15:12:18 GMTPOST /supDetail
[2018-06-09 23:12:19.914] [INFO] log_date - Sat, 09 Jun 2018 15:12:19 GMTPOST /supDetail
[2018-06-09 23:12:20.907] [INFO] log_date - Sat, 09 Jun 2018 15:12:20 GMTPOST /supDetail
[2018-06-09 23:12:21.840] [INFO] log_date - Sat, 09 Jun 2018 15:12:21 GMTPOST /supDetail
[2018-06-09 23:16:56.801] [INFO] log_date - Sat, 09 Jun 2018 15:16:56 GMTPOST /supDetail
[2018-06-09 23:16:57.993] [INFO] log_date - Sat, 09 Jun 2018 15:16:57 GMTPOST /supDetail
[2018-06-09 23:18:10.458] [INFO] log_date - Sat, 09 Jun 2018 15:18:10 GMTPOST /supDetail
[2018-06-09 23:18:11.744] [INFO] log_date - Sat, 09 Jun 2018 15:18:11 GMTPOST /supDetail
[2018-06-09 23:18:13.082] [INFO] log_date - Sat, 09 Jun 2018 15:18:13 GMTPOST /supDetail
[2018-06-09 23:18:14.399] [INFO] log_date - Sat, 09 Jun 2018 15:18:14 GMTPOST /supDetail
[2018-06-09 23:18:15.638] [INFO] log_date - Sat, 09 Jun 2018 15:18:15 GMTPOST /supDetail
[2018-06-09 23:18:16.904] [INFO] log_date - Sat, 09 Jun 2018 15:18:16 GMTPOST /supDetail
[2018-06-09 23:18:41.862] [INFO] log_date - Sat, 09 Jun 2018 15:18:41 GMTPOST /supDetail
[2018-06-09 23:18:43.077] [INFO] log_date - Sat, 09 Jun 2018 15:18:43 GMTPOST /supDetail
[2018-06-09 23:19:35.110] [INFO] log_date - Sat, 09 Jun 2018 15:19:35 GMTPOST /supDetail
[2018-06-09 23:19:36.759] [INFO] log_date - Sat, 09 Jun 2018 15:19:36 GMTPOST /supDetail
[2018-06-09 23:25:37.661] [INFO] log_date - Sat, 09 Jun 2018 15:25:37 GMTPOST /supDetail
[2018-06-09 23:25:38.758] [INFO] log_date - Sat, 09 Jun 2018 15:25:38 GMTPOST /supDetail
[2018-06-09 23:25:39.778] [INFO] log_date - Sat, 09 Jun 2018 15:25:39 GMTPOST /supDetail
[2018-06-09 23:25:40.556] [INFO] log_date - Sat, 09 Jun 2018 15:25:40 GMTPOST /supDetail
[2018-06-09 23:25:41.234] [INFO] log_date - Sat, 09 Jun 2018 15:25:41 GMTPOST /supDetail
[2018-06-09 23:25:41.867] [INFO] log_date - Sat, 09 Jun 2018 15:25:41 GMTPOST /supDetail
[2018-06-09 23:25:42.488] [INFO] log_date - Sat, 09 Jun 2018 15:25:42 GMTPOST /supDetail
[2018-06-09 23:25:51.281] [INFO] log_date - Sat, 09 Jun 2018 15:25:51 GMTPOST /supDetail
[2018-06-09 23:25:52.016] [INFO] log_date - Sat, 09 Jun 2018 15:25:52 GMTPOST /supDetail
[2018-06-09 23:25:52.738] [INFO] log_date - Sat, 09 Jun 2018 15:25:52 GMTPOST /supDetail
[2018-06-09 23:25:53.359] [INFO] log_date - Sat, 09 Jun 2018 15:25:53 GMTPOST /supDetail
[2018-06-09 23:25:53.903] [INFO] log_date - Sat, 09 Jun 2018 15:25:53 GMTPOST /supDetail
[2018-06-09 23:25:54.478] [INFO] log_date - Sat, 09 Jun 2018 15:25:54 GMTPOST /supDetail
[2018-06-09 23:25:55.037] [INFO] log_date - Sat, 09 Jun 2018 15:25:55 GMTPOST /supDetail
[2018-06-09 23:25:55.682] [INFO] log_date - Sat, 09 Jun 2018 15:25:55 GMTPOST /supDetail
[2018-06-09 23:25:56.353] [INFO] log_date - Sat, 09 Jun 2018 15:25:56 GMTPOST /supDetail
[2018-06-09 23:25:56.954] [INFO] log_date - Sat, 09 Jun 2018 15:25:56 GMTPOST /supDetail
[2018-06-09 23:25:57.550] [INFO] log_date - Sat, 09 Jun 2018 15:25:57 GMTPOST /supDetail
[2018-06-09 23:25:58.150] [INFO] log_date - Sat, 09 Jun 2018 15:25:58 GMTPOST /supDetail
[2018-06-09 23:25:58.735] [INFO] log_date - Sat, 09 Jun 2018 15:25:58 GMTPOST /supDetail
[2018-06-09 23:25:59.303] [INFO] log_date - Sat, 09 Jun 2018 15:25:59 GMTPOST /supDetail
[2018-06-09 23:26:00.119] [INFO] log_date - Sat, 09 Jun 2018 15:26:00 GMTPOST /supDetail
[2018-06-09 23:26:00.667] [INFO] log_date - Sat, 09 Jun 2018 15:26:00 GMTPOST /supDetail
[2018-06-09 23:26:01.238] [INFO] log_date - Sat, 09 Jun 2018 15:26:01 GMTPOST /supDetail
[2018-06-09 23:26:02.011] [INFO] log_date - Sat, 09 Jun 2018 15:26:02 GMTPOST /supDetail
[2018-06-09 23:26:02.645] [INFO] log_date - Sat, 09 Jun 2018 15:26:02 GMTPOST /supDetail
[2018-06-09 23:26:03.231] [INFO] log_date - Sat, 09 Jun 2018 15:26:03 GMTPOST /supDetail
[2018-06-09 23:26:03.783] [INFO] log_date - Sat, 09 Jun 2018 15:26:03 GMTPOST /supDetail
[2018-06-09 23:26:04.383] [INFO] log_date - Sat, 09 Jun 2018 15:26:04 GMTPOST /supDetail
[2018-06-09 23:26:04.921] [INFO] log_date - Sat, 09 Jun 2018 15:26:04 GMTPOST /supDetail
[2018-06-09 23:26:05.414] [INFO] log_date - Sat, 09 Jun 2018 15:26:05 GMTPOST /supDetail
[2018-06-09 23:26:05.918] [INFO] log_date - Sat, 09 Jun 2018 15:26:05 GMTPOST /supDetail
[2018-06-09 23:26:06.470] [INFO] log_date - Sat, 09 Jun 2018 15:26:06 GMTPOST /supDetail
[2018-06-09 23:26:06.959] [INFO] log_date - Sat, 09 Jun 2018 15:26:06 GMTPOST /supDetail
[2018-06-09 23:26:07.489] [INFO] log_date - Sat, 09 Jun 2018 15:26:07 GMTPOST /supDetail
[2018-06-09 23:26:07.972] [INFO] log_date - Sat, 09 Jun 2018 15:26:07 GMTPOST /supDetail
[2018-06-09 23:26:08.458] [INFO] log_date - Sat, 09 Jun 2018 15:26:08 GMTPOST /supDetail
[2018-06-09 23:26:08.890] [INFO] log_date - Sat, 09 Jun 2018 15:26:08 GMTPOST /supDetail
[2018-06-09 23:26:09.587] [INFO] log_date - Sat, 09 Jun 2018 15:26:09 GMTPOST /supDetail
[2018-06-09 23:26:09.881] [INFO] log_date - Sat, 09 Jun 2018 15:26:09 GMTPOST /supDetail
[2018-06-09 23:26:10.267] [INFO] log_date - Sat, 09 Jun 2018 15:26:10 GMTPOST /supDetail
[2018-06-09 23:26:10.772] [INFO] log_date - Sat, 09 Jun 2018 15:26:10 GMTPOST /supDetail
[2018-06-09 23:26:11.214] [INFO] log_date - Sat, 09 Jun 2018 15:26:11 GMTPOST /supDetail
[2018-06-09 23:26:11.702] [INFO] log_date - Sat, 09 Jun 2018 15:26:11 GMTPOST /supDetail
[2018-06-09 23:26:12.237] [INFO] log_date - Sat, 09 Jun 2018 15:26:12 GMTPOST /supDetail
[2018-06-09 23:26:12.754] [INFO] log_date - Sat, 09 Jun 2018 15:26:12 GMTPOST /supDetail
[2018-06-09 23:26:13.278] [INFO] log_date - Sat, 09 Jun 2018 15:26:13 GMTPOST /supDetail
[2018-06-09 23:26:13.823] [INFO] log_date - Sat, 09 Jun 2018 15:26:13 GMTPOST /supDetail
[2018-06-09 23:26:14.343] [INFO] log_date - Sat, 09 Jun 2018 15:26:14 GMTPOST /supDetail
[2018-06-09 23:26:14.867] [INFO] log_date - Sat, 09 Jun 2018 15:26:14 GMTPOST /supDetail
[2018-06-09 23:26:15.354] [INFO] log_date - Sat, 09 Jun 2018 15:26:15 GMTPOST /supDetail
[2018-06-09 23:26:15.886] [INFO] log_date - Sat, 09 Jun 2018 15:26:15 GMTPOST /supDetail
[2018-06-09 23:26:16.439] [INFO] log_date - Sat, 09 Jun 2018 15:26:16 GMTPOST /supDetail
[2018-06-09 23:26:16.961] [INFO] log_date - Sat, 09 Jun 2018 15:26:16 GMTPOST /supDetail
[2018-06-09 23:26:17.485] [INFO] log_date - Sat, 09 Jun 2018 15:26:17 GMTPOST /supDetail
[2018-06-09 23:26:18.001] [INFO] log_date - Sat, 09 Jun 2018 15:26:18 GMTPOST /supDetail
[2018-06-09 23:26:18.509] [INFO] log_date - Sat, 09 Jun 2018 15:26:18 GMTPOST /supDetail
[2018-06-09 23:26:19.072] [INFO] log_date - Sat, 09 Jun 2018 15:26:19 GMTPOST /supDetail
[2018-06-09 23:26:19.541] [INFO] log_date - Sat, 09 Jun 2018 15:26:19 GMTPOST /supDetail
[2018-06-09 23:26:20.064] [INFO] log_date - Sat, 09 Jun 2018 15:26:20 GMTPOST /supDetail
[2018-06-09 23:26:20.576] [INFO] log_date - Sat, 09 Jun 2018 15:26:20 GMTPOST /supDetail
[2018-06-09 23:26:21.046] [INFO] log_date - Sat, 09 Jun 2018 15:26:21 GMTPOST /supDetail
[2018-06-09 23:32:07.966] [INFO] log_date - Sat, 09 Jun 2018 15:32:07 GMTPOST /getCoupons
[2018-06-09 23:32:09.003] [INFO] log_date - Sat, 09 Jun 2018 15:32:09 GMTPOST /getCoupons
[2018-06-09 23:32:09.784] [INFO] log_date - Sat, 09 Jun 2018 15:32:09 GMTPOST /getCoupons
[2018-06-09 23:32:10.385] [INFO] log_date - Sat, 09 Jun 2018 15:32:10 GMTPOST /getCoupons
[2018-06-09 23:32:10.946] [INFO] log_date - Sat, 09 Jun 2018 15:32:10 GMTPOST /getCoupons
[2018-06-09 23:32:11.537] [INFO] log_date - Sat, 09 Jun 2018 15:32:11 GMTPOST /getCoupons
[2018-06-09 23:32:12.098] [INFO] log_date - Sat, 09 Jun 2018 15:32:12 GMTPOST /getCoupons
[2018-06-09 23:32:12.690] [INFO] log_date - Sat, 09 Jun 2018 15:32:12 GMTPOST /getCoupons
[2018-06-09 23:32:13.257] [INFO] log_date - Sat, 09 Jun 2018 15:32:13 GMTPOST /getCoupons
[2018-06-09 23:32:13.836] [INFO] log_date - Sat, 09 Jun 2018 15:32:13 GMTPOST /getCoupons
[2018-06-09 23:32:14.412] [INFO] log_date - Sat, 09 Jun 2018 15:32:14 GMTPOST /getCoupons
[2018-06-09 23:32:14.972] [INFO] log_date - Sat, 09 Jun 2018 15:32:14 GMTPOST /getCoupons
[2018-06-09 23:32:15.579] [INFO] log_date - Sat, 09 Jun 2018 15:32:15 GMTPOST /getCoupons
[2018-06-09 23:32:16.134] [INFO] log_date - Sat, 09 Jun 2018 15:32:16 GMTPOST /getCoupons
[2018-06-09 23:32:16.701] [INFO] log_date - Sat, 09 Jun 2018 15:32:16 GMTPOST /getCoupons
[2018-06-09 23:32:17.275] [INFO] log_date - Sat, 09 Jun 2018 15:32:17 GMTPOST /getCoupons
[2018-06-09 23:32:17.867] [INFO] log_date - Sat, 09 Jun 2018 15:32:17 GMTPOST /getCoupons
[2018-06-09 23:32:18.421] [INFO] log_date - Sat, 09 Jun 2018 15:32:18 GMTPOST /getCoupons
[2018-06-09 23:32:19.007] [INFO] log_date - Sat, 09 Jun 2018 15:32:19 GMTPOST /getCoupons
[2018-06-09 23:32:19.599] [INFO] log_date - Sat, 09 Jun 2018 15:32:19 GMTPOST /getCoupons
[2018-06-09 23:32:20.190] [INFO] log_date - Sat, 09 Jun 2018 15:32:20 GMTPOST /getCoupons
[2018-06-09 23:32:21.104] [INFO] log_date - Sat, 09 Jun 2018 15:32:21 GMTPOST /getCoupons
[2018-06-09 23:32:21.876] [INFO] log_date - Sat, 09 Jun 2018 15:32:21 GMTPOST /getCoupons
[2018-06-09 23:32:22.571] [INFO] log_date - Sat, 09 Jun 2018 15:32:22 GMTPOST /getCoupons
[2018-06-09 23:32:23.127] [INFO] log_date - Sat, 09 Jun 2018 15:32:23 GMTPOST /getCoupons
[2018-06-09 23:32:23.718] [INFO] log_date - Sat, 09 Jun 2018 15:32:23 GMTPOST /getCoupons
[2018-06-09 23:32:24.334] [INFO] log_date - Sat, 09 Jun 2018 15:32:24 GMTPOST /getCoupons
[2018-06-09 23:32:24.889] [INFO] log_date - Sat, 09 Jun 2018 15:32:24 GMTPOST /getCoupons
[2018-06-09 23:32:25.416] [INFO] log_date - Sat, 09 Jun 2018 15:32:25 GMTPOST /getCoupons
[2018-06-09 23:32:25.977] [INFO] log_date - Sat, 09 Jun 2018 15:32:25 GMTPOST /getCoupons
[2018-06-09 23:33:11.255] [INFO] log_date - Sat, 09 Jun 2018 15:33:11 GMTPOST /getCoupons
[2018-06-09 23:33:12.165] [INFO] log_date - Sat, 09 Jun 2018 15:33:12 GMTPOST /getCoupons
[2018-06-09 23:33:12.850] [INFO] log_date - Sat, 09 Jun 2018 15:33:12 GMTPOST /getCoupons
[2018-06-09 23:33:13.384] [INFO] log_date - Sat, 09 Jun 2018 15:33:13 GMTPOST /getCoupons
[2018-06-09 23:33:13.968] [INFO] log_date - Sat, 09 Jun 2018 15:33:13 GMTPOST /getCoupons
[2018-06-09 23:33:14.563] [INFO] log_date - Sat, 09 Jun 2018 15:33:14 GMTPOST /getCoupons
[2018-06-09 23:33:15.178] [INFO] log_date - Sat, 09 Jun 2018 15:33:15 GMTPOST /getCoupons
[2018-06-09 23:33:15.746] [INFO] log_date - Sat, 09 Jun 2018 15:33:15 GMTPOST /getCoupons
[2018-06-09 23:33:54.448] [INFO] log_date - Sat, 09 Jun 2018 15:33:54 GMTPOST /getCoupons
[2018-06-09 23:33:55.252] [INFO] log_date - Sat, 09 Jun 2018 15:33:55 GMTPOST /getCoupons
[2018-06-09 23:36:01.939] [INFO] log_date - Sat, 09 Jun 2018 15:36:01 GMTPOST /getCoupons
[2018-06-09 23:36:04.088] [INFO] log_date - Sat, 09 Jun 2018 15:36:04 GMTPOST /getCoupons
[2018-06-09 23:36:05.066] [INFO] log_date - Sat, 09 Jun 2018 15:36:05 GMTPOST /getCoupons
[2018-06-09 23:36:06.121] [INFO] log_date - Sat, 09 Jun 2018 15:36:06 GMTPOST /getCoupons
[2018-06-09 23:36:07.012] [INFO] log_date - Sat, 09 Jun 2018 15:36:07 GMTPOST /getCoupons
[2018-06-09 23:36:07.902] [INFO] log_date - Sat, 09 Jun 2018 15:36:07 GMTPOST /getCoupons
[2018-06-09 23:36:08.894] [INFO] log_date - Sat, 09 Jun 2018 15:36:08 GMTPOST /getCoupons
[2018-06-09 23:36:09.797] [INFO] log_date - Sat, 09 Jun 2018 15:36:09 GMTPOST /getCoupons
[2018-06-09 23:36:10.645] [INFO] log_date - Sat, 09 Jun 2018 15:36:10 GMTPOST /getCoupons
[2018-06-09 23:36:11.614] [INFO] log_date - Sat, 09 Jun 2018 15:36:11 GMTPOST /getCoupons
[2018-06-09 23:36:12.512] [INFO] log_date - Sat, 09 Jun 2018 15:36:12 GMTPOST /getCoupons
[2018-06-09 23:36:13.371] [INFO] log_date - Sat, 09 Jun 2018 15:36:13 GMTPOST /getCoupons
[2018-06-09 23:36:14.105] [INFO] log_date - Sat, 09 Jun 2018 15:36:14 GMTPOST /getCoupons
[2018-06-09 23:36:14.877] [INFO] log_date - Sat, 09 Jun 2018 15:36:14 GMTPOST /getCoupons
[2018-06-09 23:36:15.596] [INFO] log_date - Sat, 09 Jun 2018 15:36:15 GMTPOST /getCoupons
[2018-06-09 23:36:16.432] [INFO] log_date - Sat, 09 Jun 2018 15:36:16 GMTPOST /getCoupons
[2018-06-09 23:36:17.284] [INFO] log_date - Sat, 09 Jun 2018 15:36:17 GMTPOST /getCoupons
[2018-06-09 23:36:18.088] [INFO] log_date - Sat, 09 Jun 2018 15:36:18 GMTPOST /getCoupons
[2018-06-09 23:36:18.904] [INFO] log_date - Sat, 09 Jun 2018 15:36:18 GMTPOST /getCoupons
[2018-06-09 23:36:19.636] [INFO] log_date - Sat, 09 Jun 2018 15:36:19 GMTPOST /getCoupons
[2018-06-09 23:36:20.512] [INFO] log_date - Sat, 09 Jun 2018 15:36:20 GMTPOST /getCoupons
[2018-06-09 23:36:21.305] [INFO] log_date - Sat, 09 Jun 2018 15:36:21 GMTPOST /getCoupons
[2018-06-09 23:36:22.155] [INFO] log_date - Sat, 09 Jun 2018 15:36:22 GMTPOST /getCoupons
[2018-06-09 23:36:23.449] [INFO] log_date - Sat, 09 Jun 2018 15:36:23 GMTPOST /getCoupons
[2018-06-09 23:36:24.289] [INFO] log_date - Sat, 09 Jun 2018 15:36:24 GMTPOST /getCoupons
[2018-06-09 23:36:25.210] [INFO] log_date - Sat, 09 Jun 2018 15:36:25 GMTPOST /getCoupons
[2018-06-09 23:36:26.132] [INFO] log_date - Sat, 09 Jun 2018 15:36:26 GMTPOST /getCoupons
[2018-06-09 23:36:26.991] [INFO] log_date - Sat, 09 Jun 2018 15:36:26 GMTPOST /getCoupons
[2018-06-09 23:36:27.768] [INFO] log_date - Sat, 09 Jun 2018 15:36:27 GMTPOST /getCoupons
[2018-06-09 23:36:28.585] [INFO] log_date - Sat, 09 Jun 2018 15:36:28 GMTPOST /getCoupons
[2018-06-09 23:36:29.390] [INFO] log_date - Sat, 09 Jun 2018 15:36:29 GMTPOST /getCoupons
[2018-06-09 23:36:30.247] [INFO] log_date - Sat, 09 Jun 2018 15:36:30 GMTPOST /getCoupons
[2018-06-09 23:36:31.213] [INFO] log_date - Sat, 09 Jun 2018 15:36:31 GMTPOST /getCoupons
[2018-06-09 23:36:32.023] [INFO] log_date - Sat, 09 Jun 2018 15:36:32 GMTPOST /getCoupons
[2018-06-09 23:36:32.832] [INFO] log_date - Sat, 09 Jun 2018 15:36:32 GMTPOST /getCoupons
[2018-06-09 23:36:33.599] [INFO] log_date - Sat, 09 Jun 2018 15:36:33 GMTPOST /getCoupons
[2018-06-09 23:36:34.353] [INFO] log_date - Sat, 09 Jun 2018 15:36:34 GMTPOST /getCoupons
[2018-06-09 23:36:35.152] [INFO] log_date - Sat, 09 Jun 2018 15:36:35 GMTPOST /getCoupons
[2018-06-09 23:36:35.936] [INFO] log_date - Sat, 09 Jun 2018 15:36:35 GMTPOST /getCoupons
[2018-06-09 23:36:36.781] [INFO] log_date - Sat, 09 Jun 2018 15:36:36 GMTPOST /getCoupons
[2018-06-09 23:36:37.449] [INFO] log_date - Sat, 09 Jun 2018 15:36:37 GMTPOST /getCoupons
