[2018-06-23 17:07:58.333] [INFO] log_date - Error: listen EACCES 0.0.0.0:443
    at Object.exports._errnoException (util.js:873:11)
    at exports._exceptionWithHostPort (util.js:896:20)
    at Server._listen2 (net.js:1237:19)
    at listen (net.js:1286:10)
    at Server.listen (net.js:1382:5)
    at Object.<anonymous> (/Users/xiaofeiniao/Desktop/sup_node_project/app.js:192:13)
    at Module._compile (module.js:409:26)
    at Object.Module._extensions..js (module.js:416:10)
    at Module.load (module.js:343:32)
    at Function.Module._load (module.js:300:12)
[2018-06-23 17:08:13.747] [INFO] log_date - Error: listen EACCES 0.0.0.0:443
    at Object.exports._errnoException (util.js:873:11)
    at exports._exceptionWithHostPort (util.js:896:20)
    at Server._listen2 (net.js:1237:19)
    at listen (net.js:1286:10)
    at Server.listen (net.js:1382:5)
    at Object.<anonymous> (/Users/xiaofeiniao/Desktop/sup_node_project/app.js:192:13)
    at Module._compile (module.js:409:26)
    at Object.Module._extensions..js (module.js:416:10)
    at Module.load (module.js:343:32)
    at Function.Module._load (module.js:300:12)
[2018-06-23 17:08:43.649] [INFO] log_date - Error: listen EACCES 0.0.0.0:443
    at Object.exports._errnoException (util.js:873:11)
    at exports._exceptionWithHostPort (util.js:896:20)
    at Server._listen2 (net.js:1237:19)
    at listen (net.js:1286:10)
    at Server.listen (net.js:1382:5)
    at Object.<anonymous> (/Users/xiaofeiniao/Desktop/sup_node_project/app.js:192:13)
    at Module._compile (module.js:409:26)
    at Object.Module._extensions..js (module.js:416:10)
    at Module.load (module.js:343:32)
    at Function.Module._load (module.js:300:12)
[2018-06-23 17:16:09.645] [INFO] log_date - Error: listen EACCES 0.0.0.0:443
    at Object.exports._errnoException (util.js:873:11)
    at exports._exceptionWithHostPort (util.js:896:20)
    at Server._listen2 (net.js:1237:19)
    at listen (net.js:1286:10)
    at Server.listen (net.js:1382:5)
    at Object.<anonymous> (/Users/xiaofeiniao/Desktop/sup_node_project/app.js:192:13)
    at Module._compile (module.js:409:26)
    at Object.Module._extensions..js (module.js:416:10)
    at Module.load (module.js:343:32)
    at Function.Module._load (module.js:300:12)
[2018-06-23 17:35:17.876] [INFO] log_date - Error: listen EACCES 0.0.0.0:443
    at Object.exports._errnoException (util.js:873:11)
    at exports._exceptionWithHostPort (util.js:896:20)
    at Server._listen2 (net.js:1237:19)
    at listen (net.js:1286:10)
    at Server.listen (net.js:1382:5)
    at Object.<anonymous> (/Users/xiaofeiniao/Desktop/sup_node_project/app.js:192:13)
    at Module._compile (module.js:409:26)
    at Object.Module._extensions..js (module.js:416:10)
    at Module.load (module.js:343:32)
    at Function.Module._load (module.js:300:12)
[2018-06-23 17:36:03.151] [INFO] log_date - Sat, 23 Jun 2018 09:36:03 GMTPOST /getBonusList
[2018-06-23 17:37:36.602] [INFO] log_date - Sat, 23 Jun 2018 09:37:36 GMTPOST /getBonusList
[2018-06-23 17:38:08.402] [INFO] log_date - Sat, 23 Jun 2018 09:38:08 GMTPOST /getBonusList
[2018-06-23 17:38:24.905] [INFO] log_date - Error: listen EADDRINUSE :::8081
    at Object.exports._errnoException (util.js:873:11)
    at exports._exceptionWithHostPort (util.js:896:20)
    at Server._listen2 (net.js:1250:14)
    at listen (net.js:1286:10)
    at Server.listen (net.js:1382:5)
    at Object.<anonymous> (/Users/xiaofeiniao/Desktop/sup_node_project/app.js:192:13)
    at Module._compile (module.js:409:26)
    at Object.Module._extensions..js (module.js:416:10)
    at Module.load (module.js:343:32)
    at Function.Module._load (module.js:300:12)
[2018-06-23 17:39:19.435] [INFO] log_date - Sat, 23 Jun 2018 09:39:19 GMTPOST /getBonusList
[2018-06-23 17:41:33.303] [INFO] log_date - Sat, 23 Jun 2018 09:41:33 GMTPOST /getBonusList
[2018-06-23 17:56:23.696] [INFO] log_date - Error: listen EADDRINUSE :::8081
    at Object.exports._errnoException (util.js:873:11)
    at exports._exceptionWithHostPort (util.js:896:20)
    at Server._listen2 (net.js:1250:14)
    at listen (net.js:1286:10)
    at Server.listen (net.js:1382:5)
    at Object.<anonymous> (/Users/xiaofeiniao/Desktop/sup_node_project/app.js:192:13)
    at Module._compile (module.js:409:26)
    at Object.Module._extensions..js (module.js:416:10)
    at Module.load (module.js:343:32)
    at Function.Module._load (module.js:300:12)
[2018-06-23 17:57:41.573] [INFO] log_date - Sat, 23 Jun 2018 09:57:41 GMTPOST /getBonusList
[2018-06-23 17:58:15.303] [INFO] log_date - Sat, 23 Jun 2018 09:58:15 GMTPOST /getBonusList
