[2018-06-22 00:17:10.812] [INFO] log_date - Error: listen EACCES 0.0.0.0:80
    at Object.exports._errnoException (util.js:873:11)
    at exports._exceptionWithHostPort (util.js:896:20)
    at Server._listen2 (net.js:1237:19)
    at listen (net.js:1286:10)
    at Server.listen (net.js:1382:5)
    at EventEmitter.listen (/Users/xiaofeiniao/Desktop/sup_node_project/node_modules/express/lib/application.js:618:24)
    at Object.<anonymous> (/Users/xiaofeiniao/Desktop/sup_node_project/app.js:185:5)
    at Module._compile (module.js:409:26)
    at Object.Module._extensions..js (module.js:416:10)
    at Module.load (module.js:343:32)
[2018-06-22 00:17:55.886] [INFO] log_date - Error: listen EACCES 0.0.0.0:80
    at Object.exports._errnoException (util.js:873:11)
    at exports._exceptionWithHostPort (util.js:896:20)
    at Server._listen2 (net.js:1237:19)
    at listen (net.js:1286:10)
    at Server.listen (net.js:1382:5)
    at EventEmitter.listen (/Users/xiaofeiniao/Desktop/sup_node_project/node_modules/express/lib/application.js:618:24)
    at Object.<anonymous> (/Users/xiaofeiniao/Desktop/sup_node_project/app.js:185:5)
    at Module._compile (module.js:409:26)
    at Object.Module._extensions..js (module.js:416:10)
    at Module.load (module.js:343:32)
[2018-06-22 00:38:11.633] [INFO] log_date - Error: listen EACCES 0.0.0.0:80
    at Object.exports._errnoException (util.js:873:11)
    at exports._exceptionWithHostPort (util.js:896:20)
    at Server._listen2 (net.js:1237:19)
    at listen (net.js:1286:10)
    at Server.listen (net.js:1382:5)
    at EventEmitter.listen (/Users/xiaofeiniao/Desktop/sup_node_project/node_modules/express/lib/application.js:618:24)
    at Object.<anonymous> (/Users/xiaofeiniao/Desktop/sup_node_project/app.js:185:5)
    at Module._compile (module.js:409:26)
    at Object.Module._extensions..js (module.js:416:10)
    at Module.load (module.js:343:32)
[2018-06-22 00:39:00.260] [INFO] log_date - Thu, 21 Jun 2018 16:39:00 GMTPOST /getCoupons
[2018-06-22 07:21:27.023] [INFO] log_date - Error: listen EADDRINUSE :::8081
    at Object.exports._errnoException (util.js:873:11)
    at exports._exceptionWithHostPort (util.js:896:20)
    at Server._listen2 (net.js:1250:14)
    at listen (net.js:1286:10)
    at Server.listen (net.js:1382:5)
    at EventEmitter.listen (/Users/xiaofeiniao/Desktop/sup_node_project/node_modules/express/lib/application.js:618:24)
    at Object.<anonymous> (/Users/xiaofeiniao/Desktop/sup_node_project/app.js:185:5)
    at Module._compile (module.js:409:26)
    at Object.Module._extensions..js (module.js:416:10)
    at Module.load (module.js:343:32)
[2018-06-22 07:21:33.581] [INFO] log_date - Thu, 21 Jun 2018 23:21:33 GMTPOST /getCoupons
[2018-06-22 07:35:04.311] [INFO] log_date - Thu, 21 Jun 2018 23:35:04 GMTPOST /getBonusList
[2018-06-22 07:35:04.312] [ERROR] log_date - 接口/getBonusList参数{"open_id":"1","type":"all"}Error: ER_ACCESS_DENIED_ERROR: Access denied for user 'appxhb'@'103.95.95.12' (using password: YES)
    at Handshake.Sequence._packetToError (/Users/xiaofeiniao/Desktop/sup_node_project/node_modules/mysql/lib/protocol/sequences/Sequence.js:52:14)
    at Handshake.ErrorPacket (/Users/xiaofeiniao/Desktop/sup_node_project/node_modules/mysql/lib/protocol/sequences/Handshake.js:130:18)
    at Protocol._parsePacket (/Users/xiaofeiniao/Desktop/sup_node_project/node_modules/mysql/lib/protocol/Protocol.js:279:23)
    at Parser.write (/Users/xiaofeiniao/Desktop/sup_node_project/node_modules/mysql/lib/protocol/Parser.js:76:12)
    at Protocol.write (/Users/xiaofeiniao/Desktop/sup_node_project/node_modules/mysql/lib/protocol/Protocol.js:39:16)
    at Socket.<anonymous> (/Users/xiaofeiniao/Desktop/sup_node_project/node_modules/mysql/lib/Connection.js:103:28)
    at emitOne (events.js:77:13)
    at Socket.emit (events.js:169:7)
    at readableAddChunk (_stream_readable.js:153:18)
    at Socket.Readable.push (_stream_readable.js:111:10)
    --------------------
    at Protocol._enqueue (/Users/xiaofeiniao/Desktop/sup_node_project/node_modules/mysql/lib/protocol/Protocol.js:145:48)
    at Protocol.handshake (/Users/xiaofeiniao/Desktop/sup_node_project/node_modules/mysql/lib/protocol/Protocol.js:52:23)
    at PoolConnection.connect (/Users/xiaofeiniao/Desktop/sup_node_project/node_modules/mysql/lib/Connection.js:130:18)
    at Pool.getConnection (/Users/xiaofeiniao/Desktop/sup_node_project/node_modules/mysql/lib/Pool.js:48:16)
    at /Users/xiaofeiniao/Desktop/sup_node_project/querySql/db.js:11:9
    at Object.querydb (/Users/xiaofeiniao/Desktop/sup_node_project/querySql/db.js:9:9)
    at /Users/xiaofeiniao/Desktop/sup_node_project/app.js:104:8
    at Layer.handle [as handle_request] (/Users/xiaofeiniao/Desktop/sup_node_project/node_modules/express/lib/router/layer.js:95:5)
    at next (/Users/xiaofeiniao/Desktop/sup_node_project/node_modules/express/lib/router/route.js:137:13)
    at Route.dispatch (/Users/xiaofeiniao/Desktop/sup_node_project/node_modules/express/lib/router/route.js:112:3)
[2018-06-22 07:37:11.668] [INFO] log_date - Thu, 21 Jun 2018 23:37:11 GMTPOST /getBonusList
[2018-06-22 07:50:01.186] [INFO] log_date - Thu, 21 Jun 2018 23:50:01 GMTPOST /getBonusList
[2018-06-22 07:50:27.955] [INFO] log_date - Error: listen EADDRINUSE :::8081
    at Object.exports._errnoException (util.js:873:11)
    at exports._exceptionWithHostPort (util.js:896:20)
    at Server._listen2 (net.js:1250:14)
    at listen (net.js:1286:10)
    at Server.listen (net.js:1382:5)
    at EventEmitter.listen (/Users/xiaofeiniao/Desktop/sup_node_project/node_modules/express/lib/application.js:618:24)
    at Object.<anonymous> (/Users/xiaofeiniao/Desktop/sup_node_project/app.js:185:5)
    at Module._compile (module.js:409:26)
    at Object.Module._extensions..js (module.js:416:10)
    at Module.load (module.js:343:32)
[2018-06-22 21:14:29.240] [INFO] log_date - Error: listen EACCES 0.0.0.0:443
    at Object.exports._errnoException (util.js:873:11)
    at exports._exceptionWithHostPort (util.js:896:20)
    at Server._listen2 (net.js:1237:19)
    at listen (net.js:1286:10)
    at Server.listen (net.js:1382:5)
    at EventEmitter.listen (/Users/xiaofeiniao/Desktop/sup_node_project/node_modules/express/lib/application.js:618:24)
    at Object.<anonymous> (/Users/xiaofeiniao/Desktop/sup_node_project/app.js:185:5)
    at Module._compile (module.js:409:26)
    at Object.Module._extensions..js (module.js:416:10)
    at Module.load (module.js:343:32)
[2018-06-22 21:15:19.139] [INFO] log_date - Error: listen EACCES 0.0.0.0:443
    at Object.exports._errnoException (util.js:873:11)
    at exports._exceptionWithHostPort (util.js:896:20)
    at Server._listen2 (net.js:1237:19)
    at listen (net.js:1286:10)
    at Server.listen (net.js:1382:5)
    at EventEmitter.listen (/Users/xiaofeiniao/Desktop/sup_node_project/node_modules/express/lib/application.js:618:24)
    at Object.<anonymous> (/Users/xiaofeiniao/Desktop/sup_node_project/app.js:185:5)
    at Module._compile (module.js:409:26)
    at Object.Module._extensions..js (module.js:416:10)
    at Module.load (module.js:343:32)
[2018-06-22 21:15:38.780] [INFO] log_date - Error: listen EACCES 0.0.0.0:443
    at Object.exports._errnoException (util.js:873:11)
    at exports._exceptionWithHostPort (util.js:896:20)
    at Server._listen2 (net.js:1237:19)
    at listen (net.js:1286:10)
    at Server.listen (net.js:1382:5)
    at EventEmitter.listen (/Users/xiaofeiniao/Desktop/sup_node_project/node_modules/express/lib/application.js:618:24)
    at Object.<anonymous> (/Users/xiaofeiniao/Desktop/sup_node_project/app.js:185:5)
    at Module._compile (module.js:409:26)
    at Object.Module._extensions..js (module.js:416:10)
    at Module.load (module.js:343:32)
[2018-06-22 21:16:46.004] [INFO] log_date - Fri, 22 Jun 2018 13:16:46 GMTPOST /getBonusList
[2018-06-22 21:23:29.880] [INFO] log_date - Fri, 22 Jun 2018 13:23:29 GMTPOST /getBonusList
[2018-06-22 22:16:09.031] [INFO] log_date - Error: listen EADDRINUSE :::8081
    at Object.exports._errnoException (util.js:873:11)
    at exports._exceptionWithHostPort (util.js:896:20)
    at Server._listen2 (net.js:1250:14)
    at listen (net.js:1286:10)
    at Server.listen (net.js:1382:5)
    at EventEmitter.listen (/Users/xiaofeiniao/Desktop/sup_node_project/node_modules/express/lib/application.js:618:24)
    at Object.<anonymous> (/Users/xiaofeiniao/Desktop/sup_node_project/app.js:185:5)
    at Module._compile (module.js:409:26)
    at Object.Module._extensions..js (module.js:416:10)
    at Module.load (module.js:343:32)
[2018-06-22 22:17:07.128] [INFO] log_date - Error: listen EADDRINUSE :::8081
    at Object.exports._errnoException (util.js:873:11)
    at exports._exceptionWithHostPort (util.js:896:20)
    at Server._listen2 (net.js:1250:14)
    at listen (net.js:1286:10)
    at Server.listen (net.js:1382:5)
    at EventEmitter.listen (/Users/xiaofeiniao/Desktop/sup_node_project/node_modules/express/lib/application.js:618:24)
    at Object.<anonymous> (/Users/xiaofeiniao/Desktop/sup_node_project/app.js:185:5)
    at Module._compile (module.js:409:26)
    at Object.Module._extensions..js (module.js:416:10)
    at Module.load (module.js:343:32)
[2018-06-22 22:17:15.020] [INFO] log_date - Error: listen EADDRINUSE :::8081
    at Object.exports._errnoException (util.js:873:11)
    at exports._exceptionWithHostPort (util.js:896:20)
    at Server._listen2 (net.js:1250:14)
    at listen (net.js:1286:10)
    at Server.listen (net.js:1382:5)
    at EventEmitter.listen (/Users/xiaofeiniao/Desktop/sup_node_project/node_modules/express/lib/application.js:618:24)
    at Object.<anonymous> (/Users/xiaofeiniao/Desktop/sup_node_project/app.js:185:5)
    at Module._compile (module.js:409:26)
    at Object.Module._extensions..js (module.js:416:10)
    at Module.load (module.js:343:32)
[2018-06-22 22:17:25.025] [INFO] log_date - Error: listen EADDRINUSE :::8081
    at Object.exports._errnoException (util.js:873:11)
    at exports._exceptionWithHostPort (util.js:896:20)
    at Server._listen2 (net.js:1250:14)
    at listen (net.js:1286:10)
    at Server.listen (net.js:1382:5)
    at EventEmitter.listen (/Users/xiaofeiniao/Desktop/sup_node_project/node_modules/express/lib/application.js:618:24)
    at Object.<anonymous> (/Users/xiaofeiniao/Desktop/sup_node_project/app.js:185:5)
    at Module._compile (module.js:409:26)
    at Object.Module._extensions..js (module.js:416:10)
    at Module.load (module.js:343:32)
[2018-06-22 22:17:43.317] [INFO] log_date - Error: listen EADDRINUSE :::8081
    at Object.exports._errnoException (util.js:873:11)
    at exports._exceptionWithHostPort (util.js:896:20)
    at Server._listen2 (net.js:1250:14)
    at listen (net.js:1286:10)
    at Server.listen (net.js:1382:5)
    at EventEmitter.listen (/Users/xiaofeiniao/Desktop/sup_node_project/node_modules/express/lib/application.js:618:24)
    at Object.<anonymous> (/Users/xiaofeiniao/Desktop/sup_node_project/app.js:185:5)
    at Module._compile (module.js:409:26)
    at Object.Module._extensions..js (module.js:416:10)
    at Module.load (module.js:343:32)
[2018-06-22 23:00:02.887] [INFO] log_date - Fri, 22 Jun 2018 15:00:02 GMTPOST /getBonusList
[2018-06-22 23:01:20.671] [INFO] log_date - Fri, 22 Jun 2018 15:01:20 GMTPOST /getBonusList
